Build started 15-09-2021 20:23:09.
     1>Project "C:\Users\HP\Downloads\Word Recognition System\Word Recognition System\Word_Recognition\Word_Recognition.vcxproj" on node 2 (build target(s)).
     1>InitializeBuildStatus:
         Creating "Debug\Word_Recognition.unsuccessfulbuild" because "AlwaysCreate" was specified.
       ClCompile:
         All outputs are up-to-date.
         C:\Program Files (x86)\Microsoft Visual Studio 10.0\VC\bin\CL.exe /c /ZI /nologo /W3 /WX- /Od /Oy- /D WIN32 /D _DEBUG /D _CONSOLE /D _UNICODE /D UNICODE /Gm /EHsc /RTC1 /MDd /GS /fp:precise /Zc:wchar_t /Zc:forScope /Yu"StdAfx.h" /Fp"Debug\Word_Recognition.pch" /Fo"Debug\\" /Fd"Debug\vc100.pdb" /Gd /TP /analyze- /errorReport:prompt Word_Recognition.cpp
         Word_Recognition.cpp
     1>c:\users\hp\downloads\word recognition system\word recognition system\word_recognition\word_recognition.cpp(157): warning C4101: 'a' : unreferenced local variable
     1>c:\users\hp\downloads\word recognition system\word recognition system\word_recognition\word_recognition.cpp(375): warning C4244: 'argument' : conversion from '__int64' to 'unsigned int', possible loss of data
     1>c:\users\hp\downloads\word recognition system\word recognition system\word_recognition\word_recognition.cpp(387): warning C4244: 'argument' : conversion from '__int64' to 'unsigned int', possible loss of data
     1>c:\users\hp\downloads\word recognition system\word recognition system\word_recognition\word_recognition.cpp(587): warning C4101: 'Pnew' : unreferenced local variable
     1>c:\users\hp\downloads\word recognition system\word recognition system\word_recognition\word_recognition.cpp(676): warning C4258: 't' : definition from the for loop is ignored; the definition from the enclosing scope is used
                 c:\users\hp\downloads\word recognition system\word recognition system\word_recognition\word_recognition.cpp(669) : definition of 't' ignored
                 c:\users\hp\downloads\word recognition system\word recognition system\word_recognition\word_recognition.cpp(658) : definition of 't' used
     1>c:\users\hp\downloads\word recognition system\word recognition system\word_recognition\word_recognition.cpp(676): warning C4258: 't' : definition from the for loop is ignored; the definition from the enclosing scope is used
                 c:\users\hp\downloads\word recognition system\word recognition system\word_recognition\word_recognition.cpp(669) : definition of 't' ignored
                 c:\users\hp\downloads\word recognition system\word recognition system\word_recognition\word_recognition.cpp(658) : definition of 't' used
     1>c:\users\hp\downloads\word recognition system\word recognition system\word_recognition\word_recognition.cpp(676): warning C4258: 't' : definition from the for loop is ignored; the definition from the enclosing scope is used
                 c:\users\hp\downloads\word recognition system\word recognition system\word_recognition\word_recognition.cpp(669) : definition of 't' ignored
                 c:\users\hp\downloads\word recognition system\word recognition system\word_recognition\word_recognition.cpp(658) : definition of 't' used
     1>c:\users\hp\downloads\word recognition system\word recognition system\word_recognition\word_recognition.cpp(678): warning C4258: 't' : definition from the for loop is ignored; the definition from the enclosing scope is used
                 c:\users\hp\downloads\word recognition system\word recognition system\word_recognition\word_recognition.cpp(669) : definition of 't' ignored
                 c:\users\hp\downloads\word recognition system\word recognition system\word_recognition\word_recognition.cpp(658) : definition of 't' used
     1>c:\users\hp\downloads\word recognition system\word recognition system\word_recognition\word_recognition.cpp(747): warning C4244: 'argument' : conversion from '__int64' to 'unsigned int', possible loss of data
     1>c:\users\hp\downloads\word recognition system\word recognition system\word_recognition\word_recognition.cpp(770): warning C4244: 'argument' : conversion from '__int64' to 'unsigned int', possible loss of data
     1>c:\users\hp\downloads\word recognition system\word recognition system\word_recognition\word_recognition.cpp(793): warning C4244: 'argument' : conversion from '__int64' to 'unsigned int', possible loss of data
     1>c:\users\hp\downloads\word recognition system\word recognition system\word_recognition\word_recognition.cpp(820): warning C4018: '<' : signed/unsigned mismatch
     1>c:\users\hp\downloads\word recognition system\word recognition system\word_recognition\word_recognition.cpp(840): warning C4018: '<' : signed/unsigned mismatch
     1>c:\users\hp\downloads\word recognition system\word recognition system\word_recognition\word_recognition.cpp(847): warning C4244: 'argument' : conversion from '__int64' to 'unsigned int', possible loss of data
     1>c:\users\hp\downloads\word recognition system\word recognition system\word_recognition\word_recognition.cpp(848): warning C4244: 'argument' : conversion from '__int64' to 'unsigned int', possible loss of data
     1>c:\users\hp\downloads\word recognition system\word recognition system\word_recognition\word_recognition.cpp(874): warning C4018: '<' : signed/unsigned mismatch
     1>c:\users\hp\downloads\word recognition system\word recognition system\word_recognition\word_recognition.cpp(844): warning C4101: 'data' : unreferenced local variable
     1>c:\users\hp\downloads\word recognition system\word recognition system\word_recognition\word_recognition.cpp(907): warning C4018: '<' : signed/unsigned mismatch
     1>c:\users\hp\downloads\word recognition system\word recognition system\word_recognition\word_recognition.cpp(922): warning C4018: '<' : signed/unsigned mismatch
     1>c:\users\hp\downloads\word recognition system\word recognition system\word_recognition\word_recognition.cpp(938): warning C4018: '<' : signed/unsigned mismatch
     1>c:\users\hp\downloads\word recognition system\word recognition system\word_recognition\word_recognition.cpp(945): warning C4244: 'argument' : conversion from '__int64' to 'unsigned int', possible loss of data
     1>c:\users\hp\downloads\word recognition system\word recognition system\word_recognition\word_recognition.cpp(946): warning C4244: 'argument' : conversion from '__int64' to 'unsigned int', possible loss of data
     1>c:\users\hp\downloads\word recognition system\word recognition system\word_recognition\word_recognition.cpp(972): warning C4018: '<' : signed/unsigned mismatch
     1>c:\users\hp\downloads\word recognition system\word recognition system\word_recognition\word_recognition.cpp(942): warning C4101: 'data' : unreferenced local variable
     1>c:\users\hp\downloads\word recognition system\word recognition system\word_recognition\word_recognition.cpp(1071): warning C4018: '<' : signed/unsigned mismatch
     1>c:\users\hp\downloads\word recognition system\word recognition system\word_recognition\word_recognition.cpp(1085): warning C4996: 'getch': The POSIX name for this item is deprecated. Instead, use the ISO C++ conformant name: _getch. See online help for details.
                 c:\program files (x86)\microsoft visual studio 10.0\vc\include\conio.h(128) : see declaration of 'getch'
     1>c:\users\hp\downloads\word recognition system\word recognition system\word_recognition\word_recognition.cpp(1093): warning C4018: '<' : signed/unsigned mismatch
     1>c:\users\hp\downloads\word recognition system\word recognition system\word_recognition\word_recognition.cpp(1106): warning C4018: '<' : signed/unsigned mismatch
     1>c:\users\hp\downloads\word recognition system\word recognition system\word_recognition\word_recognition.cpp(1126): warning C4018: '<' : signed/unsigned mismatch
     1>c:\users\hp\downloads\word recognition system\word recognition system\word_recognition\word_recognition.cpp(1137): warning C4996: 'getch': The POSIX name for this item is deprecated. Instead, use the ISO C++ conformant name: _getch. See online help for details.
                 c:\program files (x86)\microsoft visual studio 10.0\vc\include\conio.h(128) : see declaration of 'getch'
     1>c:\users\hp\downloads\word recognition system\word recognition system\word_recognition\word_recognition.cpp(1156): warning C4018: '<' : signed/unsigned mismatch
     1>c:\users\hp\downloads\word recognition system\word recognition system\word_recognition\word_recognition.cpp(1181): warning C4018: '<' : signed/unsigned mismatch
       ManifestResourceCompile:
         All outputs are up-to-date.
       Link:
         C:\Program Files (x86)\Microsoft Visual Studio 10.0\VC\bin\link.exe /ERRORREPORT:PROMPT /OUT:"C:\Users\HP\Downloads\Word Recognition System\Word Recognition System\Debug\Word_Recognition.exe" /INCREMENTAL /NOLOGO kernel32.lib user32.lib gdi32.lib winspool.lib comdlg32.lib advapi32.lib shell32.lib ole32.lib oleaut32.lib uuid.lib odbc32.lib odbccp32.lib /MANIFEST /ManifestFile:"Debug\Word_Recognition.exe.intermediate.manifest" /MANIFESTUAC:"level='asInvoker' uiAccess='false'" /DEBUG /PDB:"C:\Users\HP\Downloads\Word Recognition System\Word Recognition System\Debug\Word_Recognition.pdb" /SUBSYSTEM:CONSOLE /TLBID:1 /DYNAMICBASE /NXCOMPAT /IMPLIB:"C:\Users\HP\Downloads\Word Recognition System\Word Recognition System\Debug\Word_Recognition.lib" /MACHINE:X86 Debug\Word_Recognition.exe.embed.manifest.res
         Debug\stdafx.obj
         Debug\Word_Recognition.obj
       Manifest:
         C:\Program Files (x86)\Microsoft SDKs\Windows\v7.0A\bin\mt.exe /nologo /verbose /out:"Debug\Word_Recognition.exe.embed.manifest" /manifest Debug\Word_Recognition.exe.intermediate.manifest
         All outputs are up-to-date.
       LinkEmbedManifest:
         All outputs are up-to-date.
         Word_Recognition.vcxproj -> C:\Users\HP\Downloads\Word Recognition System\Word Recognition System\Debug\Word_Recognition.exe
       FinalizeBuildStatus:
         Deleting file "Debug\Word_Recognition.unsuccessfulbuild".
         Touching "Debug\Word_Recognition.lastbuildstate".
     1>Done Building Project "C:\Users\HP\Downloads\Word Recognition System\Word Recognition System\Word_Recognition\Word_Recognition.vcxproj" (build target(s)).

Build succeeded.

Time Elapsed 00:00:01.84
